<?xml version="1.0" encoding="UTF-8"?>
<!-- Generated by org.testng.reporters.JUnitXMLReporter -->
<testsuite ignored="0" hostname="DESKTOP-N3K6HGN" failures="0" tests="3" name="Test-method test" time="16.824" errors="0" timestamp="2022-08-01T20:43:05 EEST">
  <testcase classname="mentorMatePageFactory.LandingPageTest" name="testOpenHomePage" time="0.064"/>
  <testcase classname="mentorMatePageFactory.LoginTest" name="testLogin" time="1.124"/>
  <testcase classname="mentorMatePageFactory.UploadImageTest" name="uploadImageTest" time="3.508"/>
</testsuite> <!-- Test-method test -->
