<?xml version="1.0" encoding="UTF-8"?>
<!-- Generated by org.testng.reporters.JUnitReportReporter -->
<testsuite hostname="DESKTOP-N3K6HGN" failures="0" tests="1" name="mentorMatePageFactory.UploadImageTest" time="4.563" errors="0" timestamp="2022-08-01T20:43:05 EEST" skipped="0">
  <testcase classname="mentorMatePageFactory.UploadImageTest" name="uploadImageTest" time="4.563"/>
  <system-out/>
</testsuite> <!-- mentorMatePageFactory.UploadImageTest -->
