<?xml version="1.0" encoding="UTF-8"?>
<!-- Generated by org.testng.reporters.JUnitReportReporter -->
<testsuite hostname="DESKTOP-N3K6HGN" failures="0" tests="1" name="mentorMatePageFactory.LoginTest" time="2.993" errors="0" timestamp="2022-08-01T20:43:05 EEST" skipped="0">
  <testcase classname="mentorMatePageFactory.LoginTest" name="testLogin" time="2.993"/>
  <system-out/>
</testsuite> <!-- mentorMatePageFactory.LoginTest -->
